{"t":{"$date":"2025-05-08T11:54:42.572+00:00"},"s":"I",  "c":"CONTROL",  "id":23285,   "ctx":"main","msg":"Automatically disabling TLS 1.0, to force-enable TLS 1.0 specify --sslDisabledProtocols 'none'"}
{"t":{"$date":"2025-05-08T11:54:42.592+00:00"},"s":"I",  "c":"NETWORK",  "id":4915701, "ctx":"main","msg":"Initialized wire specification","attr":{"spec":{"incomingExternalClient":{"minWireVersion":0,"maxWireVersion":17},"incomingInternalClient":{"minWireVersion":0,"maxWireVersion":17},"outgoing":{"minWireVersion":6,"maxWireVersion":17},"isInternalClient":true}}}
{"t":{"$date":"2025-05-08T11:54:42.593+00:00"},"s":"I",  "c":"NETWORK",  "id":4648601, "ctx":"main","msg":"Implicit TCP FastOpen unavailable. If TCP FastOpen is required, set tcpFastOpenServer, tcpFastOpenClient, and tcpFastOpenQueueSize."}
{"t":{"$date":"2025-05-08T11:54:42.623+00:00"},"s":"I",  "c":"REPL",     "id":5123008, "ctx":"main","msg":"Successfully registered PrimaryOnlyService","attr":{"service":"TenantMigrationDonorService","namespace":"config.tenantMigrationDonors"}}
{"t":{"$date":"2025-05-08T11:54:42.625+00:00"},"s":"I",  "c":"REPL",     "id":5123008, "ctx":"main","msg":"Successfully registered PrimaryOnlyService","attr":{"service":"TenantMigrationRecipientService","namespace":"config.tenantMigrationRecipients"}}
{"t":{"$date":"2025-05-08T11:54:42.626+00:00"},"s":"I",  "c":"REPL",     "id":5123008, "ctx":"main","msg":"Successfully registered PrimaryOnlyService","attr":{"service":"ShardSplitDonorService","namespace":"config.tenantSplitDonors"}}
{"t":{"$date":"2025-05-08T11:54:42.626+00:00"},"s":"I",  "c":"CONTROL",  "id":5945603, "ctx":"main","msg":"Multi threading initialized"}
{"t":{"$date":"2025-05-08T11:54:42.631+00:00"},"s":"I",  "c":"CONTROL",  "id":4615611, "ctx":"initandlisten","msg":"MongoDB starting","attr":{"pid":457,"port":27017,"dbPath":"/home/user/AppMessages/./.idx/.data","architecture":"64-bit","host":"firebase-approsalengit-1746666134793"}}
{"t":{"$date":"2025-05-08T11:54:42.631+00:00"},"s":"I",  "c":"CONTROL",  "id":23403,   "ctx":"initandlisten","msg":"Build Info","attr":{"buildInfo":{"version":"6.0.11","gitVersion":"f797f841eaf1759c770271ae00c88b92b2766eed","openSSLVersion":"OpenSSL 3.0.14 4 Jun 2024","modules":[],"allocator":"tcmalloc","environment":{"distarch":"x86_64","target_arch":"x86_64"}}}}
{"t":{"$date":"2025-05-08T11:54:42.631+00:00"},"s":"I",  "c":"CONTROL",  "id":51765,   "ctx":"initandlisten","msg":"Operating System","attr":{"os":{"name":"PRETTY_NAME=\"IDX GNU/Linux\"","version":"Kernel 6.6.72+"}}}
{"t":{"$date":"2025-05-08T11:54:42.631+00:00"},"s":"I",  "c":"CONTROL",  "id":21951,   "ctx":"initandlisten","msg":"Options set by command line","attr":{"options":{"net":{"port":27017},"processManagement":{"fork":true},"storage":{"dbPath":"./.idx/.data"},"systemLog":{"destination":"file","path":"./.idx/database.log"}}}}
{"t":{"$date":"2025-05-08T11:54:42.716+00:00"},"s":"E",  "c":"CONTROL",  "id":20557,   "ctx":"initandlisten","msg":"DBException in initAndListen, terminating","attr":{"error":"DBPathInUse: Unable to lock the lock file: /home/user/AppMessages/./.idx/.data/mongod.lock (Resource temporarily unavailable). Another mongod instance is already running on the /home/user/AppMessages/./.idx/.data directory"}}
{"t":{"$date":"2025-05-08T11:54:42.716+00:00"},"s":"I",  "c":"REPL",     "id":4784900, "ctx":"initandlisten","msg":"Stepping down the ReplicationCoordinator for shutdown","attr":{"waitTimeMillis":15000}}
{"t":{"$date":"2025-05-08T11:54:42.737+00:00"},"s":"I",  "c":"REPL",     "id":4794602, "ctx":"initandlisten","msg":"Attempting to enter quiesce mode"}
{"t":{"$date":"2025-05-08T11:54:42.737+00:00"},"s":"I",  "c":"-",        "id":6371601, "ctx":"initandlisten","msg":"Shutting down the FLE Crud thread pool"}
{"t":{"$date":"2025-05-08T11:54:42.744+00:00"},"s":"I",  "c":"COMMAND",  "id":4784901, "ctx":"initandlisten","msg":"Shutting down the MirrorMaestro"}
{"t":{"$date":"2025-05-08T11:54:42.745+00:00"},"s":"I",  "c":"SHARDING", "id":4784902, "ctx":"initandlisten","msg":"Shutting down the WaitForMajorityService"}
{"t":{"$date":"2025-05-08T11:54:42.745+00:00"},"s":"I",  "c":"NETWORK",  "id":20562,   "ctx":"initandlisten","msg":"Shutdown: going to close listening sockets"}
{"t":{"$date":"2025-05-08T11:54:42.745+00:00"},"s":"I",  "c":"NETWORK",  "id":4784905, "ctx":"initandlisten","msg":"Shutting down the global connection pool"}
{"t":{"$date":"2025-05-08T11:54:42.745+00:00"},"s":"I",  "c":"CONTROL",  "id":4784906, "ctx":"initandlisten","msg":"Shutting down the FlowControlTicketholder"}
{"t":{"$date":"2025-05-08T11:54:42.745+00:00"},"s":"I",  "c":"-",        "id":20520,   "ctx":"initandlisten","msg":"Stopping further Flow Control ticket acquisitions."}
{"t":{"$date":"2025-05-08T11:54:42.745+00:00"},"s":"I",  "c":"NETWORK",  "id":4784918, "ctx":"initandlisten","msg":"Shutting down the ReplicaSetMonitor"}
{"t":{"$date":"2025-05-08T11:54:42.745+00:00"},"s":"I",  "c":"SHARDING", "id":4784921, "ctx":"initandlisten","msg":"Shutting down the MigrationUtilExecutor"}
{"t":{"$date":"2025-05-08T11:54:42.746+00:00"},"s":"I",  "c":"ASIO",     "id":22582,   "ctx":"MigrationUtil-TaskExecutor","msg":"Killing all outstanding egress activity."}
{"t":{"$date":"2025-05-08T11:54:42.747+00:00"},"s":"I",  "c":"COMMAND",  "id":4784923, "ctx":"initandlisten","msg":"Shutting down the ServiceEntryPoint"}
{"t":{"$date":"2025-05-08T11:54:42.748+00:00"},"s":"I",  "c":"CONTROL",  "id":4784928, "ctx":"initandlisten","msg":"Shutting down the TTL monitor"}
{"t":{"$date":"2025-05-08T11:54:42.748+00:00"},"s":"I",  "c":"CONTROL",  "id":6278511, "ctx":"initandlisten","msg":"Shutting down the Change Stream Expired Pre-images Remover"}
{"t":{"$date":"2025-05-08T11:54:42.748+00:00"},"s":"I",  "c":"CONTROL",  "id":4784929, "ctx":"initandlisten","msg":"Acquiring the global lock for shutdown"}
{"t":{"$date":"2025-05-08T11:54:42.748+00:00"},"s":"I",  "c":"-",        "id":4784931, "ctx":"initandlisten","msg":"Dropping the scope cache for shutdown"}
{"t":{"$date":"2025-05-08T11:54:42.748+00:00"},"s":"I",  "c":"CONTROL",  "id":20565,   "ctx":"initandlisten","msg":"Now exiting"}
{"t":{"$date":"2025-05-08T11:54:42.760+00:00"},"s":"I",  "c":"CONTROL",  "id":23138,   "ctx":"initandlisten","msg":"Shutting down","attr":{"exitCode":100}}
